/media/gus/proyectos/gdg_26_semantic_search/backend/src/api/main.py:42: DeprecationWarning: 
        on_event is deprecated, use lifespan event handlers instead.

        Read more about it in the
        [FastAPI docs for Lifespan Events](https://fastapi.tiangolo.com/advanced/events/).
        
  @app.on_event("startup")
INFO:     Started server process [447975]
INFO:     Waiting for application startup.
INFO:     Application startup complete.
INFO:     Uvicorn running on http://0.0.0.0:8000 (Press CTRL+C to quit)
INFO:     127.0.0.1:44148 - "WebSocket /ws/chat" [accepted]
INFO:     connection open
INFO:     connection closed
INFO:     127.0.0.1:44154 - "WebSocket /ws/chat" [accepted]
INFO:     connection open
INFO:     127.0.0.1:44170 - "WebSocket /ws/chat" [accepted]
INFO:     connection open
INFO:     connection closed
INFO:     127.0.0.1:44174 - "WebSocket /ws/chat" [accepted]
INFO:     connection open
ERROR:    Exception in ASGI application
Traceback (most recent call last):
  File "/media/gus/proyectos/gdg_26_semantic_search/backend/.venv/lib/python3.13/site-packages/uvicorn/protocols/websockets/websockets_impl.py", line 244, in run_asgi
    result = await self.app(self.scope, self.asgi_receive, self.asgi_send)  # type: ignore[func-returns-value]
             ^^^^^^^^^^^^^^^^^^^^^^^^^^^^^^^^^^^^^^^^^^^^^^^^^^^^^^^^^^^^^
  File "/media/gus/proyectos/gdg_26_semantic_search/backend/.venv/lib/python3.13/site-packages/uvicorn/middleware/proxy_headers.py", line 60, in __call__
    return await self.app(scope, receive, send)
           ^^^^^^^^^^^^^^^^^^^^^^^^^^^^^^^^^^^^
  File "/media/gus/proyectos/gdg_26_semantic_search/backend/.venv/lib/python3.13/site-packages/fastapi/applications.py", line 1159, in __call__
    await super().__call__(scope, receive, send)
  File "/media/gus/proyectos/gdg_26_semantic_search/backend/.venv/lib/python3.13/site-packages/starlette/applications.py", line 90, in __call__
    await self.middleware_stack(scope, receive, send)
  File "/media/gus/proyectos/gdg_26_semantic_search/backend/.venv/lib/python3.13/site-packages/starlette/middleware/errors.py", line 151, in __call__
    await self.app(scope, receive, send)
  File "/media/gus/proyectos/gdg_26_semantic_search/backend/.venv/lib/python3.13/site-packages/starlette/middleware/cors.py", line 80, in __call__
    await self.app(scope, receive, send)
  File "/media/gus/proyectos/gdg_26_semantic_search/backend/.venv/lib/python3.13/site-packages/starlette/middleware/exceptions.py", line 63, in __call__
    await wrap_app_handling_exceptions(self.app, conn)(scope, receive, send)
  File "/media/gus/proyectos/gdg_26_semantic_search/backend/.venv/lib/python3.13/site-packages/starlette/_exception_handler.py", line 53, in wrapped_app
    raise exc
  File "/media/gus/proyectos/gdg_26_semantic_search/backend/.venv/lib/python3.13/site-packages/starlette/_exception_handler.py", line 42, in wrapped_app
    await app(scope, receive, sender)
  File "/media/gus/proyectos/gdg_26_semantic_search/backend/.venv/lib/python3.13/site-packages/fastapi/middleware/asyncexitstack.py", line 18, in __call__
    await self.app(scope, receive, send)
  File "/media/gus/proyectos/gdg_26_semantic_search/backend/.venv/lib/python3.13/site-packages/starlette/routing.py", line 660, in __call__
    await self.middleware_stack(scope, receive, send)
  File "/media/gus/proyectos/gdg_26_semantic_search/backend/.venv/lib/python3.13/site-packages/starlette/routing.py", line 680, in app
    await route.handle(scope, receive, send)
  File "/media/gus/proyectos/gdg_26_semantic_search/backend/.venv/lib/python3.13/site-packages/starlette/routing.py", line 350, in handle
    await self.app(scope, receive, send)
  File "/media/gus/proyectos/gdg_26_semantic_search/backend/.venv/lib/python3.13/site-packages/fastapi/routing.py", line 160, in app
    await wrap_app_handling_exceptions(app, session)(scope, receive, send)
  File "/media/gus/proyectos/gdg_26_semantic_search/backend/.venv/lib/python3.13/site-packages/starlette/_exception_handler.py", line 53, in wrapped_app
    raise exc
  File "/media/gus/proyectos/gdg_26_semantic_search/backend/.venv/lib/python3.13/site-packages/starlette/_exception_handler.py", line 42, in wrapped_app
    await app(scope, receive, sender)
  File "/media/gus/proyectos/gdg_26_semantic_search/backend/.venv/lib/python3.13/site-packages/fastapi/routing.py", line 157, in app
    await func(session)
  File "/media/gus/proyectos/gdg_26_semantic_search/backend/.venv/lib/python3.13/site-packages/fastapi/routing.py", line 764, in app
    await dependant.call(**solved_result.values)
  File "/media/gus/proyectos/gdg_26_semantic_search/backend/src/api/routers/chat_router.py", line 60, in websocket_endpoint
    result = await _agent_service.invoke_agent(thread_id, [dto])
             ^^^^^^^^^^^^^^^^^^^^^^^^^^^^^^^^^^^^^^^^^^^^^^^^^^^
  File "/media/gus/proyectos/gdg_26_semantic_search/backend/src/infrastructure/adapters/agent/agent_service_adapter.py", line 71, in invoke_agent
    client_actions.append(ClientAction(
                          ~~~~~~~~~~~~^
        tool_name=tc["name"],
        ^^^^^^^^^^^^^^^^^^^^^
        payload=tc["args"]
        ^^^^^^^^^^^^^^^^^^
    ))
    ^
  File "/media/gus/proyectos/gdg_26_semantic_search/backend/.venv/lib/python3.13/site-packages/pydantic/main.py", line 250, in __init__
    validated_self = self.__pydantic_validator__.validate_python(data, self_instance=self)
pydantic_core._pydantic_core.ValidationError: 1 validation error for ClientAction
action_type
  Field required [type=missing, input_value={'tool_name': 'cli_show_d...umentos disponibles'}]}}, input_type=dict]
    For further information visit https://errors.pydantic.dev/2.12/v/missing
INFO:     connection closed
INFO:     127.0.0.1:56614 - "WebSocket /ws/chat" [accepted]
INFO:     connection open
INFO:     connection closed
INFO:     127.0.0.1:56618 - "WebSocket /ws/chat" [accepted]
INFO:     connection open
INFO:     connection closed
INFO:     127.0.0.1:56208 - "WebSocket /ws/chat" [accepted]
INFO:     127.0.0.1:56210 - "WebSocket /ws/chat" [accepted]
INFO:     connection open
INFO:     connection open
INFO:     connection closed
INFO:     127.0.0.1:56234 - "WebSocket /ws/chat" [accepted]
INFO:     connection open
INFO:     connection closed
INFO:     127.0.0.1:36084 - "WebSocket /ws/chat" [accepted]
INFO:     connection open
INFO:     connection closed
INFO:     127.0.0.1:52492 - "WebSocket /ws/chat" [accepted]
INFO:     connection open
INFO:     connection closed
INFO:     127.0.0.1:52500 - "WebSocket /ws/chat" [accepted]
INFO:     connection open
INFO:     connection closed
INFO:     127.0.0.1:52516 - "WebSocket /ws/chat" [accepted]
INFO:     connection open
INFO:     connection closed
INFO:     127.0.0.1:52524 - "WebSocket /ws/chat" [accepted]
INFO:     connection open
